<?xml version="1.0" encoding="UTF-8"?>
<!-- Generated by org.testng.reporters.JUnitReportReporter -->
<testsuite hostname="HaSH" failures="0" tests="1" name="My_Automation_Challenge.ScrollingUpAndDown" time="6.923" errors="0" timestamp="17 Sep 2022 19:20:35 GMT" skipped="0">
  <testcase classname="My_Automation_Challenge.ScrollingUpAndDown" name="ScrollMyPage" time="6.923"/>
</testsuite> <!-- My_Automation_Challenge.ScrollingUpAndDown -->
