<?xml version="1.0" encoding="UTF-8"?>
<!-- Generated by org.testng.reporters.JUnitReportReporter -->
<testsuite hostname="HaSH" failures="0" tests="1" name="shoprite.us.myrunner.MyRunner" time="15.748" errors="0" timestamp="24 Sep 2022 23:23:31 GMT" skipped="0">
  <testcase classname="shoprite.us.myrunner.MyRunner" name="runScenario" time="15.748"/>
</testsuite> <!-- shoprite.us.myrunner.MyRunner -->
