<?xml version="1.0" encoding="UTF-8"?>
<!-- Generated by org.testng.reporters.JUnitReportReporter -->
<testsuite hostname="HaSH" failures="0" tests="1" name="My_Automation_Challenge.SoftNDHardAssert" time="1.582" errors="0" timestamp="24 Sep 2022 05:28:28 GMT" skipped="0">
  <testcase classname="My_Automation_Challenge.SoftNDHardAssert" name="getMyPassNDFail" time="1.582"/>
</testsuite> <!-- My_Automation_Challenge.SoftNDHardAssert -->
