<?xml version="1.0" encoding="UTF-8"?>
<!-- Generated by org.testng.reporters.JUnitReportReporter -->
<testsuite hostname="HaSH" failures="0" tests="2" name="com.us.TestNG.TestINGParallel" time="6.872" errors="0" timestamp="04 Sep 2022 18:51:49 GMT" skipped="0">
  <testcase classname="com.us.TestNG.TestINGParallel" name="getMyBrowser2" time="3.259"/>
  <testcase classname="com.us.TestNG.TestINGParallel" name="getMyBrowser1" time="3.613"/>
</testsuite> <!-- com.us.TestNG.TestINGParallel -->
