<?xml version="1.0" encoding="UTF-8"?>
<!-- Generated by org.testng.reporters.JUnitReportReporter -->
<testsuite hostname="HaSH" failures="0" tests="1" name="My_Automation_Challenge.AssertTest" time="3.109" errors="0" timestamp="24 Sep 2022 04:50:41 GMT" skipped="0">
  <testcase classname="My_Automation_Challenge.AssertTest" name="PassNdFail" time="3.109"/>
</testsuite> <!-- My_Automation_Challenge.AssertTest -->
