<?xml version="1.0" encoding="UTF-8"?>
<!-- Generated by org.testng.reporters.JUnitReportReporter -->
<testsuite hostname="HaSH" failures="0" tests="3" name="com.us.TestNG.TestNGclaSS3" time="0.001" errors="0" timestamp="04 Sep 2022 04:05:46 GMT" skipped="0">
  <testcase classname="com.us.TestNG.TestNGclaSS3" name="getTestH" time="0.001"/>
  <testcase classname="com.us.TestNG.TestNGclaSS3" name="getTestJ" time="0.000"/>
  <testcase classname="com.us.TestNG.TestNGclaSS3" name="getTestI" time="0.000"/>
</testsuite> <!-- com.us.TestNG.TestNGclaSS3 -->
