<?xml version="1.0" encoding="UTF-8"?>
<!-- Generated by org.testng.reporters.JUnitReportReporter -->
<testsuite hostname="HaSH" failures="0" tests="9" name="com.us.TestNG.TestNGCounTs" time="0.008" errors="0" timestamp="28 Aug 2022 07:00:29 GMT" skipped="0">
  <testcase classname="com.us.TestNG.TestNGCounTs" name="MyNumber" time="0.005"/>
  <testcase classname="com.us.TestNG.TestNGCounTs" name="MyNumber" time="0.001"/>
  <testcase classname="com.us.TestNG.TestNGCounTs" name="MyNumber" time="0.000"/>
  <testcase classname="com.us.TestNG.TestNGCounTs" name="MyNumber" time="0.001"/>
  <testcase classname="com.us.TestNG.TestNGCounTs" name="MyNumber" time="0.000"/>
  <testcase classname="com.us.TestNG.TestNGCounTs" name="MyNumber" time="0.000"/>
  <testcase classname="com.us.TestNG.TestNGCounTs" name="MyNumber" time="0.001"/>
  <testcase classname="com.us.TestNG.TestNGCounTs" name="MyNumber" time="0.000"/>
  <testcase classname="com.us.TestNG.TestNGCounTs" name="MyNumber" time="0.000"/>
</testsuite> <!-- com.us.TestNG.TestNGCounTs -->
