<?xml version="1.0" encoding="UTF-8"?>
<!-- Generated by org.testng.reporters.JUnitReportReporter -->
<testsuite hostname="HaSH" failures="0" tests="3" name="com.us.TestNG.DataProviderTest" time="16.697" errors="0" timestamp="05 Sep 2022 06:40:40 GMT" skipped="0">
  <testcase classname="com.us.TestNG.DataProviderTest" name="quickTest" time="5.302"/>
  <testcase classname="com.us.TestNG.DataProviderTest" name="quickTest" time="5.952"/>
  <testcase classname="com.us.TestNG.DataProviderTest" name="quickTest" time="5.443"/>
</testsuite> <!-- com.us.TestNG.DataProviderTest -->
