<?xml version="1.0" encoding="UTF-8"?>
<!-- Generated by org.testng.reporters.JUnitReportReporter -->
<testsuite hostname="HaSH" failures="0" tests="1" name="My_Automation_Challenge.DropDownAction" time="1.844" errors="0" timestamp="11 Sep 2022 07:07:49 GMT" skipped="0">
  <testcase classname="My_Automation_Challenge.DropDownAction" name="DropDownTest" time="1.844"/>
</testsuite> <!-- My_Automation_Challenge.DropDownAction -->
