<?xml version="1.0" encoding="UTF-8"?>
<!-- Generated by org.testng.reporters.JUnitReportReporter -->
<testsuite hostname="HaSH" failures="0" tests="1" name="My_Automation_Challenge.HandlingMultipleWindows" time="3.084" errors="0" timestamp="22 Sep 2022 05:53:50 GMT" skipped="0">
  <testcase classname="My_Automation_Challenge.HandlingMultipleWindows" name="getMYHandleMultiWindows" time="3.084"/>
</testsuite> <!-- My_Automation_Challenge.HandlingMultipleWindows -->
