<?xml version="1.0" encoding="UTF-8"?>
<!-- Generated by org.testng.reporters.JUnitReportReporter -->
<testsuite hostname="HaSH" failures="0" tests="3" name="com.us.TestNG.TestNGclaSS2" time="0.006" errors="0" timestamp="04 Sep 2022 04:05:46 GMT" skipped="0">
  <testcase classname="com.us.TestNG.TestNGclaSS2" name="getTestE" time="0.000"/>
  <testcase classname="com.us.TestNG.TestNGclaSS2" name="getTestD" time="0.006"/>
  <testcase classname="com.us.TestNG.TestNGclaSS2" name="getTestF" time="0.000"/>
</testsuite> <!-- com.us.TestNG.TestNGclaSS2 -->
