<?xml version="1.0" encoding="UTF-8"?>
<!-- Generated by org.testng.reporters.JUnitReportReporter -->
<testsuite hostname="HaSH" failures="0" tests="1" name="shoprite.us.myrunner.MyRunner" time="8.934" errors="0" timestamp="02 Sep 2022 05:22:09 GMT" skipped="0">
  <testcase classname="shoprite.us.myrunner.MyRunner" name="runScenario" time="8.934"/>
</testsuite> <!-- shoprite.us.myrunner.MyRunner -->
