<?xml version="1.0" encoding="UTF-8"?>
<!-- Generated by org.testng.reporters.JUnitReportReporter -->
<testsuite hostname="HaSH" failures="0" tests="1" name="com.us.TestNG.UnitTesting" time="3.423" errors="0" timestamp="04 Sep 2022 05:48:50 GMT" skipped="0">
  <testcase classname="com.us.TestNG.UnitTesting" name="getMyFunctionTest1" time="3.423"/>
</testsuite> <!-- com.us.TestNG.UnitTesting -->
