<?xml version="1.0" encoding="UTF-8"?>
<!-- Generated by org.testng.reporters.JUnitReportReporter -->
<testsuite hostname="HaSH" failures="0" tests="3" name="com.us.TestNG.PendingOnMethodTesting" time="0.007" errors="0" timestamp="28 Aug 2022 07:06:55 GMT" skipped="0">
  <testcase classname="com.us.TestNG.PendingOnMethodTesting" name="CarColor" time="0.007"/>
  <testcase classname="com.us.TestNG.PendingOnMethodTesting" name="CarPrice" time="0.000"/>
  <testcase classname="com.us.TestNG.PendingOnMethodTesting" name="RimSize" time="0.000"/>
</testsuite> <!-- com.us.TestNG.PendingOnMethodTesting -->
