<?xml version="1.0" encoding="UTF-8"?>
<!-- Generated by org.testng.reporters.JUnitReportReporter -->
<testsuite hostname="HaSH" failures="0" tests="1" name="My_Automation_Challenge.ReadExcelFile" time="0.383" errors="0" timestamp="13 Sep 2022 18:56:08 GMT" skipped="0">
  <testcase classname="My_Automation_Challenge.ReadExcelFile" name="ReadMyFileData" time="0.383"/>
</testsuite> <!-- My_Automation_Challenge.ReadExcelFile -->
