<?xml version="1.0" encoding="UTF-8"?>
<!-- Generated by org.testng.reporters.JUnitReportReporter -->
<testsuite hostname="HaSH" failures="0" tests="1" name="com.us.TestNG.BasicAnnotations" time="0.003" errors="0" timestamp="03 Sep 2022 01:22:09 GMT" skipped="0">
  <testcase classname="com.us.TestNG.BasicAnnotations" name="testCase1" time="0.003"/>
</testsuite> <!-- com.us.TestNG.BasicAnnotations -->
